build/intermediates/manifest_merge_blame_file/debug/manifest-merger-blame-debug-report.txt
1<?xml version="1.0" encoding="utf-8"?>
2<!--
3  ~ Copyright (c) 2016 CA. All rights reserved.
4  ~
5  ~ This software may be modified and distributed under the terms
6  ~ of the MIT license.  See the LICENSE file for details.
7  ~
8-->
9<manifest xmlns:android="http://schemas.android.com/apk/res/android"
10    package="com.ca.mas.masusermanagementsample"
11    android:versionCode="1"
12    android:versionName="1.0" >
13
14    <uses-sdk
15        android:minSdkVersion="21"
15-->src/main/AndroidManifest.xml
16        android:targetSdkVersion="29" />
16-->[com.ca:mas-connecta:2.0.00] AndroidManifest.xml:9:9-38
17
18    <uses-permission android:name="android.permission.INTERNET" />
18-->src/main/AndroidManifest.xml:12:5-66
18-->src/main/AndroidManifest.xml:12:22-64
19    <uses-permission android:name="android.permission.ACCESS_COARSE_LOCATION" />
19-->src/main/AndroidManifest.xml:13:5-80
19-->src/main/AndroidManifest.xml:13:22-78
20    <uses-permission android:name="android.permission.ACCESS_FINE_LOCATION" />
20-->src/main/AndroidManifest.xml:14:5-78
20-->src/main/AndroidManifest.xml:14:22-76
21    <uses-permission android:name="android.permission.WAKE_LOCK" />
21-->[com.ca:mas-connecta:2.0.00] AndroidManifest.xml:12:5-68
21-->[com.ca:mas-connecta:2.0.00] AndroidManifest.xml:12:22-65
22    <uses-permission android:name="android.permission.ACCESS_NETWORK_STATE" />
22-->[com.ca:mas-connecta:2.0.00] AndroidManifest.xml:13:5-79
22-->[com.ca:mas-connecta:2.0.00] AndroidManifest.xml:13:22-76
23    <uses-permission
23-->[com.ca:mas-foundation:2.0.00] AndroidManifest.xml:18:5-20:38
24        android:name="android.permission.AUTHENTICATE_ACCOUNTS"
24-->[com.ca:mas-foundation:2.0.00] AndroidManifest.xml:19:9-64
25        android:maxSdkVersion="22" />
25-->[com.ca:mas-foundation:2.0.00] AndroidManifest.xml:20:9-35
26    <uses-permission
26-->[com.ca:mas-foundation:2.0.00] AndroidManifest.xml:21:5-23:38
27        android:name="android.permission.GET_ACCOUNTS"
27-->[com.ca:mas-foundation:2.0.00] AndroidManifest.xml:22:9-55
28        android:maxSdkVersion="22" />
28-->[com.ca:mas-foundation:2.0.00] AndroidManifest.xml:23:9-35
29    <uses-permission android:name="android.permission.CAMERA" /> <!-- Don't require camera, as this requires a rear camera. This allows it to work on the Nexus 7 -->
29-->[com.journeyapps:zxing-android-embedded:3.2.0] AndroidManifest.xml:21:5-65
29-->[com.journeyapps:zxing-android-embedded:3.2.0] AndroidManifest.xml:21:22-62
30    <uses-feature
30-->[com.journeyapps:zxing-android-embedded:3.2.0] AndroidManifest.xml:24:5-26:36
31        android:name="android.hardware.camera"
31-->[com.journeyapps:zxing-android-embedded:3.2.0] AndroidManifest.xml:25:9-47
32        android:required="false" />
32-->[com.journeyapps:zxing-android-embedded:3.2.0] AndroidManifest.xml:26:9-33
33    <uses-feature
33-->[com.journeyapps:zxing-android-embedded:3.2.0] AndroidManifest.xml:27:5-29:36
34        android:name="android.hardware.camera.front"
34-->[com.journeyapps:zxing-android-embedded:3.2.0] AndroidManifest.xml:28:9-53
35        android:required="false" /> <!-- TODO replace above two with next line after Android 4.2 -->
35-->[com.journeyapps:zxing-android-embedded:3.2.0] AndroidManifest.xml:29:9-33
36    <!-- <uses-feature android:name="android.hardware.camera.any"/> -->
37    <uses-feature
37-->[com.journeyapps:zxing-android-embedded:3.2.0] AndroidManifest.xml:32:5-34:36
38        android:name="android.hardware.camera.autofocus"
38-->[com.journeyapps:zxing-android-embedded:3.2.0] AndroidManifest.xml:33:9-57
39        android:required="false" />
39-->[com.journeyapps:zxing-android-embedded:3.2.0] AndroidManifest.xml:34:9-33
40    <uses-feature
40-->[com.journeyapps:zxing-android-embedded:3.2.0] AndroidManifest.xml:35:5-37:36
41        android:name="android.hardware.camera.flash"
41-->[com.journeyapps:zxing-android-embedded:3.2.0] AndroidManifest.xml:36:9-53
42        android:required="false" />
42-->[com.journeyapps:zxing-android-embedded:3.2.0] AndroidManifest.xml:37:9-33
43    <uses-feature
43-->[com.journeyapps:zxing-android-embedded:3.2.0] AndroidManifest.xml:38:5-40:36
44        android:name="android.hardware.screen.landscape"
44-->[com.journeyapps:zxing-android-embedded:3.2.0] AndroidManifest.xml:39:9-57
45        android:required="false" />
45-->[com.journeyapps:zxing-android-embedded:3.2.0] AndroidManifest.xml:40:9-33
46    <uses-feature
46-->[com.journeyapps:zxing-android-embedded:3.2.0] AndroidManifest.xml:41:5-43:36
47        android:name="android.hardware.wifi"
47-->[com.journeyapps:zxing-android-embedded:3.2.0] AndroidManifest.xml:42:9-45
48        android:required="false" />
48-->[com.journeyapps:zxing-android-embedded:3.2.0] AndroidManifest.xml:43:9-33
49
50    <application
50-->src/main/AndroidManifest.xml:15:5-74:19
51        android:name="com.ca.mas.masusermanagementsample.activity.MASUnitApplication"
51-->src/main/AndroidManifest.xml:16:9-52
52        android:allowBackup="true"
52-->src/main/AndroidManifest.xml:18:9-35
53        android:appComponentFactory="android.support.v4.app.CoreComponentFactory"
53-->[com.android.support:support-compat:28.0.0] AndroidManifest.xml:22:18-91
54        android:debuggable="true"
54-->src/main/AndroidManifest.xml:22:9-34
55        android:icon="@mipmap/ic_launcher"
55-->src/main/AndroidManifest.xml:19:9-43
56        android:label="@string/app_name"
56-->src/main/AndroidManifest.xml:20:9-41
57        android:supportsRtl="true"
57-->src/main/AndroidManifest.xml:21:9-35
58        android:testOnly="true"
59        android:theme="@style/AppTheme.AppBarOverlay"
59-->src/main/AndroidManifest.xml:23:9-54
60        android:usesCleartextTraffic="true" >
60-->src/main/AndroidManifest.xml:17:9-44
61        <activity
61-->src/main/AndroidManifest.xml:25:9-43:20
62            android:name="com.ca.mas.masusermanagementsample.activity.MainActivity"
62-->src/main/AndroidManifest.xml:26:13-50
63            android:label="@string/app_name"
63-->src/main/AndroidManifest.xml:27:13-45
64            android:theme="@style/AppTheme" >
64-->src/main/AndroidManifest.xml:28:13-44
65            <intent-filter>
65-->src/main/AndroidManifest.xml:29:13-33:29
66                <action android:name="android.intent.action.MAIN" />
66-->src/main/AndroidManifest.xml:30:17-68
66-->src/main/AndroidManifest.xml:30:25-66
67
68                <category android:name="android.intent.category.LAUNCHER" />
68-->src/main/AndroidManifest.xml:32:17-76
68-->src/main/AndroidManifest.xml:32:27-74
69            </intent-filter>
70            <intent-filter>
70-->src/main/AndroidManifest.xml:34:13-42:29
71                <action android:name="android.intent.action.VIEW" />
71-->src/main/AndroidManifest.xml:35:17-69
71-->src/main/AndroidManifest.xml:35:25-66
72
73                <category android:name="android.intent.category.DEFAULT" />
73-->src/main/AndroidManifest.xml:37:17-76
73-->src/main/AndroidManifest.xml:37:27-73
74
75                <data
75-->src/main/AndroidManifest.xml:39:17-41:47
76                    android:host="com.camsso.appb"
76-->src/main/AndroidManifest.xml:40:21-51
77                    android:scheme="camsso" />
77-->src/main/AndroidManifest.xml:41:21-44
78            </intent-filter>
79        </activity>
80        <activity
80-->src/main/AndroidManifest.xml:44:9-52:20
81            android:name="com.ca.mas.masusermanagementsample.activity.GroupDetailActivity"
81-->src/main/AndroidManifest.xml:45:13-57
82            android:label="@string/title_group_detail"
82-->src/main/AndroidManifest.xml:46:13-55
83            android:parentActivityName="com.ca.mas.masusermanagementsample.activity.GroupListActivity"
83-->src/main/AndroidManifest.xml:47:13-69
84            android:theme="@style/AppTheme.NoActionBar" >
84-->src/main/AndroidManifest.xml:48:13-56
85            <meta-data
85-->src/main/AndroidManifest.xml:49:13-51:62
86                android:name="android.support.PARENT_ACTIVITY"
86-->src/main/AndroidManifest.xml:50:17-63
87                android:value=".activity.GroupListActivity" />
87-->src/main/AndroidManifest.xml:51:17-60
88        </activity>
89        <activity
89-->src/main/AndroidManifest.xml:53:9-57:20
90            android:name="com.ca.mas.masusermanagementsample.activity.AddUsersActivity"
90-->src/main/AndroidManifest.xml:54:13-54
91            android:label="@string/title_activity_search"
91-->src/main/AndroidManifest.xml:55:13-58
92            android:theme="@style/AppTheme.NoActionBar" >
92-->src/main/AndroidManifest.xml:56:13-56
93        </activity>
94
95        <!-- Require for Android P Support -->
96        <service
96-->src/main/AndroidManifest.xml:60:9-72:19
97            android:name="com.ca.mas.core.storage.sharedstorage.MASAuthenticatorService"
97-->src/main/AndroidManifest.xml:61:13-89
98            android:exported="false" >
98-->src/main/AndroidManifest.xml:62:13-37
99            <intent-filter>
99-->src/main/AndroidManifest.xml:63:13-65:29
100                <action android:name="android.accounts.AccountAuthenticator" />
100-->src/main/AndroidManifest.xml:64:17-80
100-->src/main/AndroidManifest.xml:64:25-77
101            </intent-filter>
102
103            <meta-data
103-->src/main/AndroidManifest.xml:66:13-68:55
104                android:name="account.name"
104-->src/main/AndroidManifest.xml:67:17-44
105                android:resource="@string/acc_name" />
105-->src/main/AndroidManifest.xml:68:17-52
106            <meta-data
106-->src/main/AndroidManifest.xml:69:13-71:66
107                android:name="android.accounts.AccountAuthenticator"
107-->src/main/AndroidManifest.xml:70:17-69
108                android:resource="@xml/massharedauthenticator" />
108-->src/main/AndroidManifest.xml:71:17-63
109        </service>
110        <service android:name="org.eclipse.paho.android.service.MqttService" />
110-->[com.ca:mas-connecta:2.0.00] AndroidManifest.xml:19:9-80
110-->[com.ca:mas-connecta:2.0.00] AndroidManifest.xml:19:18-77
111
112        <activity
112-->[com.ca:masui:2.0.00] AndroidManifest.xml:23:9-26:54
113            android:name="com.ca.mas.ui.MASEnterpriseWebApplicationActivity"
113-->[com.ca:masui:2.0.00] AndroidManifest.xml:24:13-77
114            android:exported="false"
114-->[com.ca:masui:2.0.00] AndroidManifest.xml:25:13-37
115            android:theme="@style/Theme.AppCompat" />
115-->[com.ca:masui:2.0.00] AndroidManifest.xml:26:13-51
116        <activity
116-->[com.ca:masui:2.0.00] AndroidManifest.xml:27:9-36:20
117            android:name="com.ca.mas.ui.MASSessionUnlockActivity"
117-->[com.ca:masui:2.0.00] AndroidManifest.xml:28:13-66
118            android:exported="false"
118-->[com.ca:masui:2.0.00] AndroidManifest.xml:29:13-37
119            android:theme="@style/Theme.AppCompat.Light.NoActionBar" >
119-->[com.ca:masui:2.0.00] AndroidManifest.xml:30:13-69
120            <intent-filter>
120-->[com.ca:masui:2.0.00] AndroidManifest.xml:31:13-35:29
121                <action android:name="MASUI.intent.action.SessionUnlock" />
121-->[com.ca:masui:2.0.00] AndroidManifest.xml:32:17-76
121-->[com.ca:masui:2.0.00] AndroidManifest.xml:32:25-73
122
123                <category android:name="android.intent.category.DEFAULT" />
123-->src/main/AndroidManifest.xml:37:17-76
123-->src/main/AndroidManifest.xml:37:27-73
124            </intent-filter>
125        </activity>
126        <activity android:name="net.openid.appauth.RedirectUriReceiverActivity" >
126-->[com.ca:masui:2.0.00] AndroidManifest.xml:37:9-56:20
126-->[com.ca:masui:2.0.00] AndroidManifest.xml:38:13-74
127            <intent-filter>
127-->[com.ca:masui:2.0.00] AndroidManifest.xml:40:13-47:29
128                <action android:name="android.intent.action.VIEW" />
128-->src/main/AndroidManifest.xml:35:17-69
128-->src/main/AndroidManifest.xml:35:25-66
129
130                <category android:name="android.intent.category.DEFAULT" />
130-->src/main/AndroidManifest.xml:37:17-76
130-->src/main/AndroidManifest.xml:37:27-73
131                <category android:name="android.intent.category.BROWSABLE" />
131-->[com.ca:masui:2.0.00] AndroidManifest.xml:44:17-78
131-->[com.ca:masui:2.0.00] AndroidManifest.xml:44:27-75
132
133                <data android:scheme="camsso" />
133-->src/main/AndroidManifest.xml:39:17-41:47
133-->src/main/AndroidManifest.xml:41:21-44
134            </intent-filter>
135            <intent-filter>
135-->[com.ca:masui:2.0.00] AndroidManifest.xml:48:13-55:29
136                <action android:name="android.intent.action.VIEW" />
136-->src/main/AndroidManifest.xml:35:17-69
136-->src/main/AndroidManifest.xml:35:25-66
137
138                <category android:name="android.intent.category.DEFAULT" />
138-->src/main/AndroidManifest.xml:37:17-76
138-->src/main/AndroidManifest.xml:37:27-73
139                <category android:name="android.intent.category.BROWSABLE" />
139-->[com.ca:masui:2.0.00] AndroidManifest.xml:44:17-78
139-->[com.ca:masui:2.0.00] AndroidManifest.xml:44:27-75
140
141                <data android:scheme="camssoras" />
141-->src/main/AndroidManifest.xml:39:17-41:47
141-->src/main/AndroidManifest.xml:41:21-44
142            </intent-filter>
143        </activity>
144        <activity
144-->[com.ca:masui:2.0.00] AndroidManifest.xml:57:9-60:72
145            android:name="com.ca.mas.ui.MASOAuthRedirectActivity"
145-->[com.ca:masui:2.0.00] AndroidManifest.xml:58:13-66
146            android:exported="false"
146-->[com.ca:masui:2.0.00] AndroidManifest.xml:59:13-37
147            android:theme="@style/Theme.AppCompat.Light.NoActionBar" />
147-->[com.ca:masui:2.0.00] AndroidManifest.xml:60:13-69
148        <activity
148-->[com.ca:masui:2.0.00] AndroidManifest.xml:61:9-63:60
149            android:name="com.ca.mas.ui.MASAppAuthRedirectHandlerActivity"
149-->[com.ca:masui:2.0.00] AndroidManifest.xml:62:13-75
150            android:theme="@style/Theme.AppCompat.Light" />
150-->[com.ca:masui:2.0.00] AndroidManifest.xml:63:13-57
151        <activity android:name="com.ca.mas.ui.MASFinishActivity" />
151-->[com.ca:masui:2.0.00] AndroidManifest.xml:64:9-68
151-->[com.ca:masui:2.0.00] AndroidManifest.xml:64:19-65
152        <activity
152-->[com.ca:masui:2.0.00] AndroidManifest.xml:65:9-69:60
153            android:name="com.ca.mas.ui.MASLoginActivity"
153-->[com.ca:masui:2.0.00] AndroidManifest.xml:66:13-58
154            android:exported="false"
154-->[com.ca:masui:2.0.00] AndroidManifest.xml:67:13-37
155            android:launchMode="singleTop"
155-->[com.ca:masui:2.0.00] AndroidManifest.xml:68:13-43
156            android:theme="@style/Theme.AppCompat.Light" />
156-->[com.ca:masui:2.0.00] AndroidManifest.xml:69:13-57
157        <activity
157-->[com.ca:masui:2.0.00] AndroidManifest.xml:70:9-74:67
158            android:name="com.ca.mas.ui.otp.MASOtpActivity"
158-->[com.ca:masui:2.0.00] AndroidManifest.xml:71:13-60
159            android:exported="false"
159-->[com.ca:masui:2.0.00] AndroidManifest.xml:72:13-37
160            android:launchMode="singleTop"
160-->[com.ca:masui:2.0.00] AndroidManifest.xml:73:13-43
161            android:theme="@style/Theme.AppCompat.Light.Dialog" />
161-->[com.ca:masui:2.0.00] AndroidManifest.xml:74:13-64
162
163        <service
163-->[com.ca:mas-foundation:2.0.00] AndroidManifest.xml:30:9-33:72
164            android:name="com.ca.mas.core.service.MssoService"
164-->[com.ca:mas-foundation:2.0.00] AndroidManifest.xml:31:13-63
165            android:exported="false"
165-->[com.ca:mas-foundation:2.0.00] AndroidManifest.xml:32:13-37
166            android:permission="android.permission.BIND_JOB_SERVICE" />
166-->[com.ca:mas-foundation:2.0.00] AndroidManifest.xml:33:13-69
167
168        <activity
168-->[com.journeyapps:zxing-android-embedded:3.2.0] AndroidManifest.xml:46:9-52:63
169            android:name="com.journeyapps.barcodescanner.CaptureActivity"
169-->[com.journeyapps:zxing-android-embedded:3.2.0] AndroidManifest.xml:47:13-74
170            android:clearTaskOnLaunch="true"
170-->[com.journeyapps:zxing-android-embedded:3.2.0] AndroidManifest.xml:48:13-45
171            android:screenOrientation="sensorLandscape"
171-->[com.journeyapps:zxing-android-embedded:3.2.0] AndroidManifest.xml:49:13-56
172            android:stateNotNeeded="true"
172-->[com.journeyapps:zxing-android-embedded:3.2.0] AndroidManifest.xml:50:13-42
173            android:theme="@style/zxing_CaptureTheme"
173-->[com.journeyapps:zxing-android-embedded:3.2.0] AndroidManifest.xml:51:13-54
174            android:windowSoftInputMode="stateAlwaysHidden" />
174-->[com.journeyapps:zxing-android-embedded:3.2.0] AndroidManifest.xml:52:13-60
175        <activity
175-->[net.openid:appauth:0.7.0] AndroidManifest.xml:27:9-31:75
176            android:name="net.openid.appauth.AuthorizationManagementActivity"
176-->[net.openid:appauth:0.7.0] AndroidManifest.xml:28:13-78
177            android:exported="false"
177-->[net.openid:appauth:0.7.0] AndroidManifest.xml:29:13-37
178            android:launchMode="singleTask"
178-->[net.openid:appauth:0.7.0] AndroidManifest.xml:30:13-44
179            android:theme="@android:style/Theme.Translucent.NoTitleBar" />
179-->[net.openid:appauth:0.7.0] AndroidManifest.xml:31:13-72
180    </application>
181
182</manifest>